<?xml version="1.0" encoding="UTF-8"?>
<!-- Generated by org.testng.reporters.JUnitXMLReporter -->
<testsuite ignored="2" hostname="DESKTOP-5OHVMDG" failures="0" tests="1" name="Default test" time="0.462" errors="0" timestamp="2023-06-13T23:17:33 IST">
  <testcase classname="testcases.DemoTest" name="test1" time="0.084"/>
  <testcase classname="testcases.DemoTest" name="test2" time="0.0">
    <ignored/>
  </testcase> <!-- test2 -->
  <testcase classname="testcases.DemoTest" name="test3" time="0.0">
    <ignored/>
  </testcase> <!-- test3 -->
</testsuite> <!-- Default test -->
