<?xml version="1.0" encoding="UTF-8"?>
<testng-results ignored="2" total="3" passed="1" failed="0" skipped="0">
  <reporter-output>
  </reporter-output>
  <suite started-at="2023-06-13T23:17:33 IST" name="Default suite" finished-at="2023-06-13T23:17:33 IST" duration-ms="462">
    <groups>
    </groups>
    <test started-at="2023-06-13T23:17:33 IST" name="Default test" finished-at="2023-06-13T23:17:33 IST" duration-ms="462">
      <class name="testcases.DemoTest">
        <test-method signature="test1()[pri:0, instance:testcases.DemoTest@4b45a2f5]" started-at="2023-06-13T23:17:33 IST" name="test1" finished-at="2023-06-13T23:17:33 IST" duration-ms="84" status="PASS">
          <reporter-output>
          </reporter-output>
        </test-method> <!-- test1 -->
      </class> <!-- testcases.DemoTest -->
    </test> <!-- Default test -->
  </suite> <!-- Default suite -->
</testng-results>
